<?xml version="1.0" encoding="UTF-8"?>
<!-- Generated by org.testng.reporters.JUnitReportReporter -->
<testsuite hostname="DESKTOP-5OAK7BC" failures="0" tests="3" name="api.DynamicJSON" time="2.990" errors="0" timestamp="2025-01-29T22:43:13 IST" skipped="0">
  <testcase classname="api.DynamicJSON" name="addBook" time="0.341"/>
  <testcase classname="api.DynamicJSON" name="addBook" time="2.349"/>
  <testcase classname="api.DynamicJSON" name="addBook" time="0.300"/>
</testsuite> <!-- api.DynamicJSON -->
